This is pdfTeX, Version 3.141592653-2.6-1.40.24 (MiKTeX 22.8.28) (preloaded format=pdflatex 2022.11.1)  10 APR 2024 15:28
entering extended mode
 restricted \write18 enabled.
 file:line:error style messages enabled.
 %&-line parsing enabled.
**f:/l5proj/diss/example.tex
(f:/l5proj/diss/example.tex
LaTeX2e <2022-06-01> patch level 5
L3 programming layer <2022-09-28> (mpaper.cls (C:\Program Files\MiKTeX\tex/latex/tools\array.sty
Package: array 2022/03/10 v2.5f Tabular extension package (FMi)
\col@sep=\dimen138
\ar@mcellbox=\box51
\extrarowheight=\dimen139
\NC@list=\toks16
\extratabsurround=\skip47
\backup@length=\skip48
\ar@cellbox=\box52
) (C:\Program Files\MiKTeX\tex/latex/graphics\color.sty
Package: color 2022/01/06 v1.3d Standard LaTeX Color (DPC)
 (C:\Program Files\MiKTeX\tex/latex/graphics-cfg\color.cfg
File: color.cfg 2016/01/02 v1.6 sample color configuration
)
Package color Info: Driver file: pdftex.def on input line 149.
 (C:\Program Files\MiKTeX\tex/latex/graphics-def\pdftex.def
File: pdftex.def 2022/09/22 v1.2b Graphics/color driver for pdftex
\stockwidth=\dimen140
\stockheight=\dimen141
) (C:\Program Files\MiKTeX\tex/latex/graphics\mathcolor.ltx)) (C:\Program Files\MiKTeX\tex/latex/graphics\graphicx.sty
Package: graphicx 2021/09/16 v1.2d Enhanced LaTeX Graphics (DPC,SPQR)
 (C:\Program Files\MiKTeX\tex/latex/graphics\keyval.sty
Package: keyval 2022/05/29 v1.15 key=value parser (DPC)
\KV@toks@=\toks17
) (C:\Program Files\MiKTeX\tex/latex/graphics\graphics.sty
Package: graphics 2022/03/10 v1.4e Standard LaTeX Graphics (DPC,SPQR)
 (C:\Program Files\MiKTeX\tex/latex/graphics\trig.sty
Package: trig 2021/08/11 v1.11 sin cos tan (DPC)
) (C:\Program Files\MiKTeX\tex/latex/graphics-cfg\graphics.cfg
File: graphics.cfg 2016/06/04 v1.11 sample graphics configuration
)
Package graphics Info: Driver file: pdftex.def on input line 107.
)
\Gin@req@height=\dimen142
\Gin@req@width=\dimen143
) (C:\Program Files\MiKTeX\tex/latex/graphics\epsfig.sty
Package: epsfig 2017/06/25 v1.7b (e)psfig emulation (SPQR)
\epsfxsize=\dimen144
\epsfysize=\dimen145
) (C:\Program Files\MiKTeX\tex/latex/base\fixltx2e.sty
Package: fixltx2e 2016/12/29 v2.1a fixes to LaTeX (obsolete)
Applying: [2015/01/01] Old fixltx2e package on input line 46.


Package fixltx2e Warning: fixltx2e is not required with releases after 2015
(fixltx2e)                All fixes are now in the LaTeX kernel.
(fixltx2e)                See the latexrelease package for details.

Already applied: [0000/00/00] Old fixltx2e package on input line 53.
) (C:\Program Files\MiKTeX\tex/latex/amsfonts\amssymb.sty
Package: amssymb 2013/01/14 v3.01 AMS font symbols
 (C:\Program Files\MiKTeX\tex/latex/amsfonts\amsfonts.sty
Package: amsfonts 2013/01/14 v3.01 Basic AMSFonts support
\@emptytoks=\toks18
\symAMSa=\mathgroup4
\symAMSb=\mathgroup5
LaTeX Font Info:    Redeclaring math symbol \hbar on input line 98.
LaTeX Font Info:    Overwriting math alphabet `\mathfrak' in version `bold'
(Font)                  U/euf/m/n --> U/euf/b/n on input line 106.
)) (C:\Program Files\MiKTeX\tex/latex/amsmath\amsmath.sty
Package: amsmath 2022/04/08 v2.17n AMS math features
\@mathmargin=\skip49

For additional information on amsmath, use the `?' option.
(C:\Program Files\MiKTeX\tex/latex/amsmath\amstext.sty
Package: amstext 2021/08/26 v2.01 AMS text
 (C:\Program Files\MiKTeX\tex/latex/amsmath\amsgen.sty
File: amsgen.sty 1999/11/30 v2.0 generic functions
\@emptytoks=\toks19
\ex@=\dimen146
)) (C:\Program Files\MiKTeX\tex/latex/amsmath\amsbsy.sty
Package: amsbsy 1999/11/29 v1.2d Bold Symbols
\pmbraise@=\dimen147
) (C:\Program Files\MiKTeX\tex/latex/amsmath\amsopn.sty
Package: amsopn 2022/04/08 v2.04 operator names
)
\inf@bad=\count185
LaTeX Info: Redefining \frac on input line 234.
\uproot@=\count186
\leftroot@=\count187
LaTeX Info: Redefining \overline on input line 399.
LaTeX Info: Redefining \colon on input line 410.
\classnum@=\count188
\DOTSCASE@=\count189
LaTeX Info: Redefining \ldots on input line 496.
LaTeX Info: Redefining \dots on input line 499.
LaTeX Info: Redefining \cdots on input line 620.
\Mathstrutbox@=\box53
\strutbox@=\box54
LaTeX Info: Redefining \big on input line 722.
LaTeX Info: Redefining \Big on input line 723.
LaTeX Info: Redefining \bigg on input line 724.
LaTeX Info: Redefining \Bigg on input line 725.
\big@size=\dimen148
LaTeX Font Info:    Redeclaring font encoding OML on input line 743.
LaTeX Font Info:    Redeclaring font encoding OMS on input line 744.
\macc@depth=\count190
LaTeX Info: Redefining \bmod on input line 905.
LaTeX Info: Redefining \pmod on input line 910.
LaTeX Info: Redefining \smash on input line 940.
LaTeX Info: Redefining \relbar on input line 970.
LaTeX Info: Redefining \Relbar on input line 971.
\c@MaxMatrixCols=\count191
\dotsspace@=\muskip16
\c@parentequation=\count192
\dspbrk@lvl=\count193
\tag@help=\toks20
\row@=\count194
\column@=\count195
\maxfields@=\count196
\andhelp@=\toks21
\eqnshift@=\dimen149
\alignsep@=\dimen150
\tagshift@=\dimen151
\tagwidth@=\dimen152
\totwidth@=\dimen153
\lineht@=\dimen154
\@envbody=\toks22
\multlinegap=\skip50
\multlinetaggap=\skip51
\mathdisplay@stack=\toks23
LaTeX Info: Redefining \[ on input line 2953.
LaTeX Info: Redefining \] on input line 2954.
) (C:\Program Files\MiKTeX\tex/latex/listings\listings.sty
\lst@mode=\count197
\lst@gtempboxa=\box55
\lst@token=\toks24
\lst@length=\count198
\lst@currlwidth=\dimen155
\lst@column=\count199
\lst@pos=\count266
\lst@lostspace=\dimen156
\lst@width=\dimen157
\lst@newlines=\count267
\lst@lineno=\count268
\abovecaptionskip=\skip52
\belowcaptionskip=\skip53
\lst@maxwidth=\dimen158
 (C:\Program Files\MiKTeX\tex/latex/listings\lstmisc.sty
File: lstmisc.sty 2020/03/24 1.8d (Carsten Heinz)
\c@lstnumber=\count269
\lst@skipnumbers=\count270
\lst@framebox=\box56
) (C:\Program Files\MiKTeX\tex/latex/listings\listings.cfg
File: listings.cfg 2020/03/24 1.8d listings configuration
))
Package: listings 2020/03/24 1.8d (Carsten Heinz)
 (C:\Users\xdddd\AppData\Roaming\MiKTeX\tex/latex/geometry\geometry.sty
Package: geometry 2020/01/02 v5.9 Page Geometry
 (C:\Program Files\MiKTeX\tex/generic/iftex\ifvtex.sty
Package: ifvtex 2019/10/25 v1.7 ifvtex legacy package. Use iftex instead.
 (C:\Program Files\MiKTeX\tex/generic/iftex\iftex.sty
Package: iftex 2022/02/03 v1.0f TeX engine tests
))
\Gm@cnth=\count271
\Gm@cntv=\count272
\c@Gm@tempcnt=\count273
\Gm@bindingoffset=\dimen159
\Gm@wd@mp=\dimen160
\Gm@odd@mp=\dimen161
\Gm@even@mp=\dimen162
\Gm@layoutwidth=\dimen163
\Gm@layoutheight=\dimen164
\Gm@layouthoffset=\dimen165
\Gm@layoutvoffset=\dimen166
\Gm@dimlist=\toks25
 (C:\Users\xdddd\AppData\Roaming\MiKTeX\tex/latex/geometry\geometry.cfg)) (C:\Program Files\MiKTeX\tex/latex/hyperref\hyperref.sty
Package: hyperref 2022-09-22 v7.00t Hypertext links for LaTeX
 (C:\Users\xdddd\AppData\Roaming\MiKTeX\tex/generic/ltxcmds\ltxcmds.sty
Package: ltxcmds 2020-05-10 v1.25 LaTeX kernel commands for general use (HO)
) (C:\Program Files\MiKTeX\tex/generic/pdftexcmds\pdftexcmds.sty
Package: pdftexcmds 2020-06-27 v0.33 Utility functions of pdfTeX for LuaTeX (HO)
 (C:\Users\xdddd\AppData\Roaming\MiKTeX\tex/generic/infwarerr\infwarerr.sty
Package: infwarerr 2019/12/03 v1.5 Providing info/warning/error messages (HO)
)
Package pdftexcmds Info: \pdf@primitive is available.
Package pdftexcmds Info: \pdf@ifprimitive is available.
Package pdftexcmds Info: \pdfdraftmode found.
) (C:\Users\xdddd\AppData\Roaming\MiKTeX\tex/generic/kvsetkeys\kvsetkeys.sty
Package: kvsetkeys 2019/12/15 v1.18 Key value parser (HO)
) (C:\Users\xdddd\AppData\Roaming\MiKTeX\tex/generic/kvdefinekeys\kvdefinekeys.sty
Package: kvdefinekeys 2019-12-19 v1.6 Define keys (HO)
) (C:\Users\xdddd\AppData\Roaming\MiKTeX\tex/generic/pdfescape\pdfescape.sty
Package: pdfescape 2019/12/09 v1.15 Implements pdfTeX's escape features (HO)
) (C:\Users\xdddd\AppData\Roaming\MiKTeX\tex/latex/hycolor\hycolor.sty
Package: hycolor 2020-01-27 v1.10 Color options for hyperref/bookmark (HO)
) (C:\Users\xdddd\AppData\Roaming\MiKTeX\tex/latex/letltxmacro\letltxmacro.sty
Package: letltxmacro 2019/12/03 v1.6 Let assignment for LaTeX macros (HO)
) (C:\Users\xdddd\AppData\Roaming\MiKTeX\tex/latex/auxhook\auxhook.sty
Package: auxhook 2019-12-17 v1.6 Hooks for auxiliary files (HO)
) (C:\Program Files\MiKTeX\tex/latex/hyperref\nameref.sty
Package: nameref 2022-05-17 v2.50 Cross-referencing by name of section
 (C:\Users\xdddd\AppData\Roaming\MiKTeX\tex/latex/refcount\refcount.sty
Package: refcount 2019/12/15 v3.6 Data extraction from label references (HO)
) (C:\Users\xdddd\AppData\Roaming\MiKTeX\tex/generic/gettitlestring\gettitlestring.sty
Package: gettitlestring 2019/12/15 v1.6 Cleanup title references (HO)
 (C:\Users\xdddd\AppData\Roaming\MiKTeX\tex/latex/kvoptions\kvoptions.sty
Package: kvoptions 2020-10-07 v3.14 Key value format for package options (HO)
))
\c@section@level=\count274
)
\@linkdim=\dimen167
\Hy@linkcounter=\count275
\Hy@pagecounter=\count276
 (C:\Program Files\MiKTeX\tex/latex/hyperref\pd1enc.def
File: pd1enc.def 2022-09-22 v7.00t Hyperref: PDFDocEncoding definition (HO)
Now handling font encoding PD1 ...
... no UTF-8 mapping file for font encoding PD1
) (C:\Users\xdddd\AppData\Roaming\MiKTeX\tex/generic/intcalc\intcalc.sty
Package: intcalc 2019/12/15 v1.3 Expandable calculations with integers (HO)
) (C:\Users\xdddd\AppData\Roaming\MiKTeX\tex/generic/etexcmds\etexcmds.sty
Package: etexcmds 2019/12/15 v1.7 Avoid name clashes with e-TeX commands (HO)
)
\Hy@SavedSpaceFactor=\count277
 (C:\Program Files\MiKTeX\tex/latex/hyperref\puenc.def
File: puenc.def 2022-09-22 v7.00t Hyperref: PDF Unicode definition (HO)
Now handling font encoding PU ...
... no UTF-8 mapping file for font encoding PU
)
Package hyperref Info: Option `breaklinks' set `true' on input line 4045.
Package hyperref Info: Option `colorlinks' set `true' on input line 4045.
Package hyperref Info: Option `pdfpagelabels' set `false' on input line 4045.
Package hyperref Info: Option `pdfusetitle' set `true' on input line 4045.
Package hyperref Info: Hyper figures OFF on input line 4162.
Package hyperref Info: Link nesting OFF on input line 4167.
Package hyperref Info: Hyper index ON on input line 4170.
Package hyperref Info: Plain pages OFF on input line 4177.
Package hyperref Info: Backreferencing OFF on input line 4182.
Package hyperref Info: Implicit mode ON; LaTeX internals redefined.
Package hyperref Info: Bookmarks ON on input line 4410.
\c@Hy@tempcnt=\count278
 (C:\Program Files\MiKTeX\tex/latex/url\url.sty
\Urlmuskip=\muskip17
Package: url 2013/09/16  ver 3.4  Verb mode for urls, etc.
)
LaTeX Info: Redefining \url on input line 4748.
\XeTeXLinkMargin=\dimen168
 (C:\Users\xdddd\AppData\Roaming\MiKTeX\tex/generic/bitset\bitset.sty
Package: bitset 2019/12/09 v1.3 Handle bit-vector datatype (HO)
 (C:\Users\xdddd\AppData\Roaming\MiKTeX\tex/generic/bigintcalc\bigintcalc.sty
Package: bigintcalc 2019/12/15 v1.5 Expandable calculations on big integers (HO)
))
\Fld@menulength=\count279
\Field@Width=\dimen169
\Fld@charsize=\dimen170
Package hyperref Info: Hyper figures OFF on input line 6027.
Package hyperref Info: Link nesting OFF on input line 6032.
Package hyperref Info: Hyper index ON on input line 6035.
Package hyperref Info: backreferencing OFF on input line 6042.
Package hyperref Info: Link coloring ON on input line 6045.
Package hyperref Info: Link coloring with OCG OFF on input line 6052.
Package hyperref Info: PDF/A mode OFF on input line 6057.
 (C:\Program Files\MiKTeX\tex/latex/base\atbegshi-ltx.sty
Package: atbegshi-ltx 2021/01/10 v1.0c Emulation of the original atbegshi
package with kernel methods
)
\c@Item=\count280
\c@Hfootnote=\count281
)
Package hyperref Info: Driver (autodetected): hpdftex.
 (C:\Program Files\MiKTeX\tex/latex/hyperref\hpdftex.def
File: hpdftex.def 2022-09-22 v7.00t Hyperref driver for pdfTeX
\Fld@listcount=\count282
\c@bookmark@seq@number=\count283
 (C:\Users\xdddd\AppData\Roaming\MiKTeX\tex/latex/rerunfilecheck\rerunfilecheck.sty
Package: rerunfilecheck 2019/12/05 v1.9 Rerun checks for auxiliary files (HO)
 (C:\Program Files\MiKTeX\tex/latex/base\atveryend-ltx.sty
Package: atveryend-ltx 2020/08/19 v1.0a Emulation of the original atveryend package
with kernel methods
) (C:\Users\xdddd\AppData\Roaming\MiKTeX\tex/generic/uniquecounter\uniquecounter.sty
Package: uniquecounter 2019/12/15 v1.4 Provide unlimited unique counter (HO)
)
Package uniquecounter Info: New unique counter `rerunfilecheck' on input line 286.
)
\Hy@SectionHShift=\skip54
) (C:\Users\xdddd\AppData\Roaming\MiKTeX\tex/latex/sttools\flushend.sty
Package: flushend 2021/10/04 v4.0 Balancing columns in twocolumn mode
\flushend@@lastskip@a=\skip55
\flushend@@lastskip@b=\skip56
\flushend@@lastnode=\count284
\var@@loop@iter=\count285
\var@@temp@spread=\dimen171
\var@@temp@a=\dimen172
\var@@temp@loop=\dimen173
\flushend@@page@rule=\dimen174
\flushend@@varbox@lastpage=\box57
\flushend@@varbox@a=\box58
\flushend@@varbox@c=\box59
\flushend@@tempbox@a=\box60
\flushend@@tempbox@c=\box61
\flushend@@floatbox=\box62
\@viper=\box63
\hold@viper=\box64
\atColsBreak=\toks26
\atColsEnd=\toks27
\oldbreak@skip=\dimen175
)
Glasgow MSci document class. Jeremy Singer, 16 October 2012
Based in part upon ACM sig_alternate class
****** Bugs/comments/suggestions/technicalities to Jeremy Singer -- jeremy.singer at glasgow.ac.uk ******
\footheight=\dimen176
\@maxsep=\dimen177
\@dblmaxsep=\dimen178
\c@figure=\count286
\c@table=\count287
\titleboxnotes=\toks28
\titleboxnoteflag=\count288
Document Class: mpaper 2013/01/15 v1.0 LaTeX document class for Glasgow MSci paper
\titlenotecount=\count289
\tntoks=\toks29
\tntokstwo=\toks30
\tntoksthree=\toks31
\tntoksfour=\toks32
\tntoksfive=\toks33
\c@part=\count290
\c@section=\count291
\c@subsection=\count292
\c@subsubsection=\count293
\c@paragraph=\count294
Using 'Abbrev' bibliography style
LaTeX Info: Redefining \cite on input line 1044.
\bibindent=\dimen179
\colcntr=\count295
\saveb@x=\box65
(C:\Program Files\MiKTeX\tex/latex/base\fontenc.sty
Package: fontenc 2021/04/29 v2.0v Standard LaTeX package
)) (C:\Users\xdddd\AppData\Roaming\MiKTeX\tex/latex/amscls\amsthm.sty
Package: amsthm 2020/05/29 v2.20.6
\thm@style=\toks34
\thm@bodyfont=\toks35
\thm@headfont=\toks36
\thm@notefont=\toks37
\thm@headpunct=\toks38
\thm@preskip=\skip57
\thm@postskip=\skip58
\thm@headsep=\skip59
\dth@everypar=\toks39
) (C:\Users\xdddd\AppData\Roaming\MiKTeX\tex/latex/esdiff\esdiff.sty
Package: esdiff 
)
LaTeX Font Info:    Trying to load font information for T1+aer on input line 6.
 (C:\Users\xdddd\AppData\Roaming\MiKTeX\tex/latex/ae\t1aer.fd
File: t1aer.fd 1997/11/16 Font definitions for T1/aer.
) (C:\Program Files\MiKTeX\tex/latex/l3backend\l3backend-pdftex.def
File: l3backend-pdftex.def 2022-09-28 L3 backend support: PDF output (pdfTeX)
\l__color_backend_stack_int=\count296
\l__pdf_internal_box=\box66
) (example.aux)
\openout1 = `example.aux'.

LaTeX Font Info:    Checking defaults for OML/cmm/m/it on input line 6.
LaTeX Font Info:    ... okay on input line 6.
LaTeX Font Info:    Checking defaults for OMS/cmsy/m/n on input line 6.
LaTeX Font Info:    ... okay on input line 6.
LaTeX Font Info:    Checking defaults for OT1/cmr/m/n on input line 6.
LaTeX Font Info:    ... okay on input line 6.
LaTeX Font Info:    Checking defaults for T1/cmr/m/n on input line 6.
LaTeX Font Info:    ... okay on input line 6.
LaTeX Font Info:    Checking defaults for TS1/cmr/m/n on input line 6.
LaTeX Font Info:    ... okay on input line 6.
LaTeX Font Info:    Checking defaults for OMX/cmex/m/n on input line 6.
LaTeX Font Info:    ... okay on input line 6.
LaTeX Font Info:    Checking defaults for U/cmr/m/n on input line 6.
LaTeX Font Info:    ... okay on input line 6.
LaTeX Font Info:    Checking defaults for PD1/pdf/m/n on input line 6.
LaTeX Font Info:    ... okay on input line 6.
LaTeX Font Info:    Checking defaults for PU/pdf/m/n on input line 6.
LaTeX Font Info:    ... okay on input line 6.
 (C:\Program Files\MiKTeX\tex/context/base/mkii\supp-pdf.mkii
[Loading MPS to PDF converter (version 2006.09.02).]
\scratchcounter=\count297
\scratchdimen=\dimen180
\scratchbox=\box67
\nofMPsegments=\count298
\nofMParguments=\count299
\everyMPshowfont=\toks40
\MPscratchCnt=\count300
\MPscratchDim=\dimen181
\MPnumerator=\count301
\makeMPintoPDFobject=\count302
\everyMPtoPDFconversion=\toks41
) (C:\Program Files\MiKTeX\tex/latex/epstopdf-pkg\epstopdf-base.sty
Package: epstopdf-base 2020-01-24 v2.11 Base part for package epstopdf
Package epstopdf-base Info: Redefining graphics rule for `.eps' on input line 485.
 (C:\Program Files\MiKTeX\tex/latex/00miktex\epstopdf-sys.cfg
File: epstopdf-sys.cfg 2021/03/18 v2.0 Configuration of epstopdf for MiKTeX
))
\c@lstlisting=\count303

*geometry* driver: auto-detecting
*geometry* detected driver: pdftex
*geometry* verbose mode - [ preamble ] result:
* driver: pdftex
* paper: a4paper
* layout: <same size as paper>
* layoutoffset:(h,v)=(0.0pt,0.0pt)
* modes: twoside 
* h-part:(L,W,R)=(89.62709pt, 418.25368pt, 89.6271pt)
* v-part:(T,H,B)=(101.40665pt, 591.5302pt, 152.11pt)
* \paperwidth=597.50787pt
* \paperheight=845.04684pt
* \textwidth=504.0pt
* \textheight=666.0pt
* \oddsidemargin=-18.26999pt
* \evensidemargin=-18.26999pt
* \topmargin=-55.26999pt
* \headheight=12.0pt
* \headsep=25.0pt
* \topskip=10.0pt
* \footskip=30.0pt
* \marginparwidth=0.0pt
* \marginparsep=11.0pt
* \columnsep=24.0pt
* \skip\footins=8.1pt plus 4.0pt minus 2.0pt
* \hoffset=0.0pt
* \voffset=0.0pt
* \mag=1000
* \@twocolumntrue
* \@twosidetrue
* \@mparswitchtrue
* \@reversemarginfalse
* (1in=72.27pt=25.4mm, 1cm=28.453pt)

Package hyperref Info: Link coloring ON on input line 6.
(example.out) (example.out)
\@outlinefile=\write3
\openout3 = `example.out'.

\c@lemma=\count304
\c@theorem=\count305
\c@conjecture=\count306
\c@definition=\count307
<CompSci_colour.pdf, id=127, 340.27126pt x 49.18375pt>
File: CompSci_colour.pdf Graphic file (type pdf)
<use CompSci_colour.pdf>
Package pdftex.def Info: CompSci_colour.pdf  used on input line 18.
(pdftex.def)             Requested size: 170.71652pt x 24.67586pt.
LaTeX Font Info:    Trying to load font information for U+msa on input line 21.
 (C:\Program Files\MiKTeX\tex/latex/amsfonts\umsa.fd
File: umsa.fd 2013/01/14 v3.01 AMS symbols A
)
LaTeX Font Info:    Trying to load font information for U+msb on input line 21.
 (C:\Program Files\MiKTeX\tex/latex/amsfonts\umsb.fd
File: umsb.fd 2013/01/14 v3.01 AMS symbols B
)
Overfull \hbox (4.18126pt too wide) in paragraph at lines 31--32
\T1/aer/m/n/9 Sci-ence. Ex-am-ples in-clude the min-i-mum span-ning tree, which
 []


Underfull \vbox (badness 10000) has occurred while \output is active []


Underfull \vbox (badness 10000) has occurred while \output is active []

 [1{C:/Users/xdddd/AppData/Local/MiKTeX/fonts/map/pdftex/pdftex.map}


 <./CompSci_colour.pdf>]

Package hyperref Warning: Token not allowed in a PDF string (Unicode):
(hyperref)                removing `\<def>-command' on input line 64.


Package hyperref Warning: Token not allowed in a PDF string (Unicode):
(hyperref)                removing `\citeauthoryear' on input line 64.


Package hyperref Warning: Token not allowed in a PDF string (Unicode):
(hyperref)                removing `\<let>-command' on input line 64.


Package hyperref Warning: Token not allowed in a PDF string (Unicode):
(hyperref)                removing `\@@cite' on input line 64.


Package hyperref Warning: Token not allowed in a PDF string (Unicode):
(hyperref)                removing `\@ifnextchar' on input line 64.


Package hyperref Warning: Token not allowed in a PDF string (Unicode):
(hyperref)                removing `\new@ifnextchar' on input line 64.


Package hyperref Warning: Token not allowed in a PDF string (Unicode):
(hyperref)                removing `subscript' on input line 64.


Package hyperref Warning: Token not allowed in a PDF string (Unicode):
(hyperref)                removing `\<def>-command' on input line 66.


Package hyperref Warning: Token not allowed in a PDF string (Unicode):
(hyperref)                removing `\citeauthoryear' on input line 66.


Package hyperref Warning: Token not allowed in a PDF string (Unicode):
(hyperref)                removing `\<let>-command' on input line 66.


Package hyperref Warning: Token not allowed in a PDF string (Unicode):
(hyperref)                removing `\@@cite' on input line 66.


Package hyperref Warning: Token not allowed in a PDF string (Unicode):
(hyperref)                removing `\@ifnextchar' on input line 66.


Package hyperref Warning: Token not allowed in a PDF string (Unicode):
(hyperref)                removing `\new@ifnextchar' on input line 66.


Underfull \vbox (badness 10000) has occurred while \output is active []

 [2]

Package hyperref Warning: Token not allowed in a PDF string (Unicode):
(hyperref)                removing `\<def>-command' on input line 100.


Package hyperref Warning: Token not allowed in a PDF string (Unicode):
(hyperref)                removing `\citeauthoryear' on input line 100.


Package hyperref Warning: Token not allowed in a PDF string (Unicode):
(hyperref)                removing `\<let>-command' on input line 100.


Package hyperref Warning: Token not allowed in a PDF string (Unicode):
(hyperref)                removing `\@@cite' on input line 100.


Package hyperref Warning: Token not allowed in a PDF string (Unicode):
(hyperref)                removing `\@ifnextchar' on input line 100.


Package hyperref Warning: Token not allowed in a PDF string (Unicode):
(hyperref)                removing `\new@ifnextchar' on input line 100.


Underfull \vbox (badness 10000) has occurred while \output is active []

<plot2.png, id=191, 416.2752pt x 312.2064pt>
File: plot2.png Graphic file (type png)
<use plot2.png>
Package pdftex.def Info: plot2.png  used on input line 115.
(pdftex.def)             Requested size: 208.13708pt x 156.10281pt.
<plot3.png, id=193, 422.0568pt x 312.2064pt>
File: plot3.png Graphic file (type png)
<use plot3.png>
Package pdftex.def Info: plot3.png  used on input line 122.
(pdftex.def)             Requested size: 211.02788pt x 156.10281pt.
<plot4.png, id=196, 431.4519pt x 312.2064pt>
File: plot4.png Graphic file (type png)
<use plot4.png>
Package pdftex.def Info: plot4.png  used on input line 129.
(pdftex.def)             Requested size: 215.72542pt x 156.10281pt.
<plot1.png, id=197, 412.6617pt x 312.2064pt>
File: plot1.png Graphic file (type png)
<use plot1.png>
Package pdftex.def Info: plot1.png  used on input line 138.
(pdftex.def)             Requested size: 206.33034pt x 156.10281pt.
<plot5.png, id=198, 419.166pt x 312.2064pt>
File: plot5.png Graphic file (type png)
<use plot5.png>
Package pdftex.def Info: plot5.png  used on input line 145.
(pdftex.def)             Requested size: 209.58249pt x 156.10281pt.
<plot6.png, id=199, 412.6617pt x 312.2064pt>
File: plot6.png Graphic file (type png)
<use plot6.png>
Package pdftex.def Info: plot6.png  used on input line 152.
(pdftex.def)             Requested size: 206.33034pt x 156.10281pt.

Underfull \vbox (badness 10000) has occurred while \output is active []

 [3 <./plot2.png> <./plot3.png>]
Underfull \vbox (badness 10000) has occurred while \output is active []

 [4 <./plot4.png> <./plot1.png> <./plot5.png> <./plot6.png>]
Overfull \hbox (10.77136pt too wide) in paragraph at lines 167--167
[]\secfnt MACHINE LEARN-ING AND LO-CAL MIN-
 []


Overfull \hbox (2.08417pt too wide) in paragraph at lines 212--213
\T1/aer/m/n/9 Steiner ra-tio. Nat-u-rally, no in-stances were found with Steiner
 []

<plot7.png, id=238, 395.3169pt x 298.4751pt>
File: plot7.png Graphic file (type png)
<use plot7.png>
Package pdftex.def Info: plot7.png  used on input line 217.
(pdftex.def)             Requested size: 197.65796pt x 149.23718pt.
<plot8715.png, id=239, 395.3169pt x 298.4751pt>
File: plot8715.png Graphic file (type png)
<use plot8715.png>
Package pdftex.def Info: plot8715.png  used on input line 224.
(pdftex.def)             Requested size: 197.65796pt x 149.23718pt.

LaTeX Warning: `!h' float specifier changed to `!ht'.

[5 <./plot7.png>]
<plot9.png, id=257, 111.72119pt x 104.74576pt>
File: plot9.png Graphic file (type png)
<use plot9.png>
Package pdftex.def Info: plot9.png  used on input line 270.
(pdftex.def)             Requested size: 145.2375pt x 136.16946pt.
 [6 <./plot8715.png> <./plot9.png>]
<plot10.png, id=275, 401.8212pt x 298.4751pt>
File: plot10.png Graphic file (type png)
<use plot10.png>
Package pdftex.def Info: plot10.png  used on input line 304.
(pdftex.def)             Requested size: 200.9101pt x 149.23718pt.
<plot11.png, id=276, 395.3169pt x 298.4751pt>
File: plot11.png Graphic file (type png)
<use plot11.png>
Package pdftex.def Info: plot11.png  used on input line 311.
(pdftex.def)             Requested size: 197.65796pt x 149.23718pt.
<plot12.png, id=283, 395.3169pt x 298.4751pt>
File: plot12.png Graphic file (type png)
<use plot12.png>
Package pdftex.def Info: plot12.png  used on input line 334.
(pdftex.def)             Requested size: 197.65796pt x 149.23718pt.


LaTeX Warning: `!h' float specifier changed to `!ht'.

[7 <./plot10.png> <./plot11.png>]
<plot13.png, id=305, 395.3169pt x 298.4751pt>
File: plot13.png Graphic file (type png)
<use plot13.png>
Package pdftex.def Info: plot13.png  used on input line 357.
(pdftex.def)             Requested size: 197.65796pt x 149.23718pt.
 [8 <./plot12.png> <./plot13.png>]
Overfull \hbox (2.77672pt too wide) detected at line 440
[]\OT1/cmr/m/n/9 (\OML/cmm/m/it/9 S\OT1/cmr/m/n/9 ) = []
 []


Underfull \vbox (badness 10000) has occurred while \output is active []

 [9]
<plot15.png, id=343, 403.9893pt x 298.4751pt>
File: plot15.png Graphic file (type png)
<use plot15.png>
Package pdftex.def Info: plot15.png  used on input line 477.
(pdftex.def)             Requested size: 201.99416pt x 149.23718pt.

Underfull \vbox (badness 7504) has occurred while \output is active []

 (example.bbl)
Underfull \vbox (badness 10000) has occurred while \output is active []

 [10 <./plot15.png>]
<plot8764.png, id=354, 395.3169pt x 298.4751pt>
File: plot8764.png Graphic file (type png)
<use plot8764.png>
Package pdftex.def Info: plot8764.png  used on input line 548.
(pdftex.def)             Requested size: 197.65796pt x 149.23718pt.

Overfull \hbox (3.34473pt too wide) in paragraph at lines 566--567
[]\T1/aer/m/n/9 Firstly, we use the con-struc-tion from pro-
 []


Overfull \hbox (15.07265pt too wide) in paragraph at lines 573--575
\T1/aer/m/n/9 There-fore, $\OML/cmm/m/it/9 P[]$ \T1/aer/m/n/9 is the point which sat-is-fies $[]\OT1/cmr/m/n/9 (\OML/cmm/m/it/9 P[]A\OT1/cmr/m/n/9 ) = [](\OML/cmm/m/it/9 P[]B\OT1/cmr/m/n/9 ) =
 []

<plot14.png, id=360, 395.3169pt x 298.4751pt>
File: plot14.png Graphic file (type png)
<use plot14.png>
Package pdftex.def Info: plot14.png  used on input line 633.
(pdftex.def)             Requested size: 197.65796pt x 149.23718pt.
[11 <./plot8764.png> <./plot14.png>]
[leftcolumn badness]: 1000000 on 44.83698pt
[rightcolumn badness]: 1000000 on 44.83698pt
[leftcolumn badness]: 1000000 on 44.83698pt
[rightcolumn badness]: 1000000 on 44.83698pt
[leftcolumn badness]: 1000000 on 44.83698pt
[rightcolumn badness]: 1000000 on 44.83698pt
[leftcolumn badness]: 1000000 on 44.83698pt
[rightcolumn badness]: 1000000 on 44.83698pt
[leftcolumn badness]: 1000000 on 44.83698pt
[rightcolumn badness]: 1000000 on 44.83698pt
[leftcolumn badness]: 1000000 on 44.83698pt
[rightcolumn badness]: 1000000 on 44.83698pt
[leftcolumn badness]: 1000000 on 44.83698pt
[rightcolumn badness]: 1000000 on 44.83698pt
[leftcolumn badness]: 1000000 on 44.83698pt
[rightcolumn badness]: 1000000 on 44.83698pt
[leftcolumn badness]: 1000000 on 44.83698pt
[rightcolumn badness]: 1000000 on 44.83698pt
[leftcolumn badness]: 1000000 on 44.83698pt
[rightcolumn badness]: 1000000 on 44.83698pt
[leftcolumn badness]: 1000000 on 44.83698pt
[rightcolumn badness]: 1000000 on 44.83698pt
[leftcolumn badness]: 1000000 on 44.83698pt
[rightcolumn badness]: 1000000 on 44.83698pt
[leftcolumn badness]: 1000000 on 44.83698pt
[rightcolumn badness]: 1000000 on 44.83698pt
[leftcolumn badness]: 1000000 on 44.83698pt
[rightcolumn badness]: 1000000 on 44.83698pt
[leftcolumn badness]: 1000000 on 44.83698pt
[rightcolumn badness]: 1000000 on 44.83698pt
[leftcolumn badness]: 1000000 on 44.83698pt
[rightcolumn badness]: 1000000 on 44.83698pt
[leftcolumn badness]: 1000000 on 44.83698pt
[rightcolumn badness]: 1000000 on 44.83698pt
[leftcolumn badness]: 1000000 on 44.83698pt
[rightcolumn badness]: 1000000 on 44.83698pt
[leftcolumn badness]: 1000000 on 44.83698pt
[rightcolumn badness]: 1000000 on 44.83698pt
[leftcolumn badness]: 1000000 on 44.83698pt
[rightcolumn badness]: 1000000 on 44.83698pt
[leftcolumn badness]: 1000000 on 44.83698pt
[rightcolumn badness]: 1000000 on 44.83698pt
[leftcolumn badness]: 1000000 on 44.83698pt
[rightcolumn badness]: 1000000 on 44.83698pt
[leftcolumn badness]: 1000000 on 44.83698pt
[rightcolumn badness]: 1000000 on 44.83698pt
[leftcolumn badness]: 1000000 on 44.83698pt
[rightcolumn badness]: 1000000 on 44.83698pt
[leftcolumn badness]: 1000000 on 44.83698pt
[rightcolumn badness]: 1000000 on 44.83698pt
[leftcolumn badness]: 1000000 on 44.83698pt
[rightcolumn badness]: 1000000 on 44.83698pt
[leftcolumn badness]: 1000000 on 44.83698pt
[rightcolumn badness]: 1000000 on 44.83698pt
[leftcolumn badness]: 1000000 on 44.83698pt
[rightcolumn badness]: 1000000 on 44.83698pt
[leftcolumn badness]: 1000000 on 44.83698pt
[rightcolumn badness]: 1000000 on 44.83698pt
[leftcolumn badness]: 1000000 on 44.83698pt
[rightcolumn badness]: 1000000 on 44.83698pt
[leftcolumn badness]: 1000000 on 44.83698pt
[rightcolumn badness]: 1000000 on 44.83698pt
[leftcolumn badness]: 1000000 on 44.83698pt
[rightcolumn badness]: 1000000 on 44.83698pt
[leftcolumn badness]: 1000000 on 44.83698pt
[rightcolumn badness]: 1000000 on 44.83698pt
[leftcolumn badness]: 1000000 on 44.83698pt
[rightcolumn badness]: 1000000 on 44.83698pt
[leftcolumn badness]: 1000000 on 44.83698pt
[rightcolumn badness]: 1000000 on 44.83698pt
[leftcolumn badness]: 1000000 on 44.83698pt
[rightcolumn badness]: 1000000 on 44.83698pt
[leftcolumn badness]: 1000000 on 44.83698pt
[rightcolumn badness]: 1000000 on 44.83698pt
[leftcolumn badness]: 1000000 on 44.83698pt
[rightcolumn badness]: 1000000 on 44.83698pt
[leftcolumn badness]: 1000000 on 44.83698pt
[rightcolumn badness]: 1000000 on 44.83698pt
[leftcolumn badness]: 1000000 on 44.83698pt
[rightcolumn badness]: 1000000 on 44.83698pt
[leftcolumn badness]: 1000000 on 44.83698pt
[rightcolumn badness]: 1000000 on 44.83698pt
[leftcolumn badness]: 1000000 on 44.83698pt
[rightcolumn badness]: 1000000 on 44.83698pt
[leftcolumn badness]: 1000000 on 44.83698pt
[rightcolumn badness]: 1000000 on 44.83698pt
[leftcolumn badness]: 1000000 on 44.83698pt
[rightcolumn badness]: 1000000 on 44.83698pt
[leftcolumn badness]: 1000000 on 44.83698pt
[rightcolumn badness]: 1000000 on 44.83698pt
[leftcolumn badness]: 1000000 on 44.83698pt
[rightcolumn badness]: 1000000 on 44.83698pt
[leftcolumn badness]: 1000000 on 44.83698pt
[rightcolumn badness]: 1000000 on 44.83698pt
[leftcolumn badness]: 1000000 on 44.83698pt
[rightcolumn badness]: 1000000 on 44.83698pt
[leftcolumn badness]: 1000000 on 44.83698pt
[rightcolumn badness]: 1000000 on 44.83698pt
[leftcolumn badness]: 1000000 on 44.83698pt
[rightcolumn badness]: 1000000 on 44.83698pt
[leftcolumn badness]: 1000000 on 44.83698pt
[rightcolumn badness]: 1000000 on 44.83698pt
[leftcolumn badness]: 1000000 on 44.83698pt
[rightcolumn badness]: 1000000 on 44.83698pt
[leftcolumn badness]: 1000000 on 44.83698pt
[rightcolumn badness]: 1000000 on 44.83698pt
[leftcolumn badness]: 1000000 on 44.83698pt
[rightcolumn badness]: 1000000 on 44.83698pt
[leftcolumn badness]: 1000000 on 44.83698pt
[rightcolumn badness]: 1000000 on 44.83698pt
[leftcolumn badness]: 1000000 on 44.83698pt
[rightcolumn badness]: 1000000 on 44.83698pt
[leftcolumn badness]: 1000000 on 44.83698pt
[rightcolumn badness]: 1000000 on 44.83698pt
[leftcolumn badness]: 1000000 on 44.83698pt
[rightcolumn badness]: 1000000 on 44.83698pt
[leftcolumn badness]: 1000000 on 44.83698pt
[rightcolumn badness]: 1000000 on 44.83698pt
[leftcolumn badness]: 1000000 on 44.83698pt
[rightcolumn badness]: 1000000 on 44.83698pt
[leftcolumn badness]: 1000000 on 44.83698pt
[rightcolumn badness]: 1000000 on 44.83698pt
[leftcolumn badness]: 1000000 on 44.83698pt
[rightcolumn badness]: 1000000 on 44.83698pt
[leftcolumn badness]: 1000000 on 44.83698pt
[rightcolumn badness]: 1000000 on 44.83698pt
[leftcolumn badness]: 1000000 on 44.83698pt
[rightcolumn badness]: 1000000 on 44.83698pt
[leftcolumn badness]: 1000000 on 44.83698pt
[rightcolumn badness]: 1000000 on 44.83698pt
[leftcolumn badness]: 1000000 on 44.83698pt
[rightcolumn badness]: 1000000 on 44.83698pt
[leftcolumn badness]: 1000000 on 44.83698pt
[rightcolumn badness]: 1000000 on 44.83698pt
[leftcolumn badness]: 1000000 on 44.83698pt
[rightcolumn badness]: 1000000 on 44.83698pt
[leftcolumn badness]: 1000000 on 44.83698pt
[rightcolumn badness]: 1000000 on 44.83698pt
[leftcolumn badness]: 1000000 on 44.83698pt
[rightcolumn badness]: 1000000 on 44.83698pt
[leftcolumn badness]: 1000000 on 44.83698pt
[rightcolumn badness]: 1000000 on 44.83698pt
[leftcolumn badness]: 1000000 on 44.83698pt
[rightcolumn badness]: 1000000 on 44.83698pt
[leftcolumn badness]: 1000000 on 44.83698pt
[rightcolumn badness]: 1000000 on 44.83698pt
[leftcolumn badness]: 1000000 on 44.83698pt
[rightcolumn badness]: 1000000 on 44.83698pt
[leftcolumn badness]: 1000000 on 44.83698pt
[rightcolumn badness]: 1000000 on 44.83698pt
[leftcolumn badness]: 1000000 on 44.83698pt
[rightcolumn badness]: 1000000 on 44.83698pt
[leftcolumn badness]: 1000000 on 44.83698pt
[rightcolumn badness]: 1000000 on 44.83698pt
[leftcolumn badness]: 1000000 on 44.83698pt
[rightcolumn badness]: 1000000 on 44.83698pt
[leftcolumn badness]: 1000000 on 44.83698pt
[rightcolumn badness]: 1000000 on 44.83698pt
[leftcolumn badness]: 1000000 on 44.83698pt
[rightcolumn badness]: 1000000 on 44.83698pt
[leftcolumn badness]: 1000000 on 44.83698pt
[rightcolumn badness]: 1000000 on 44.83698pt
[leftcolumn badness]: 1000000 on 44.83698pt
[rightcolumn badness]: 1000000 on 44.83698pt
[leftcolumn badness]: 1000000 on 44.83698pt
[rightcolumn badness]: 1000000 on 44.83698pt
[leftcolumn badness]: 1000000 on 44.83698pt
[rightcolumn badness]: 1000000 on 44.83698pt
[leftcolumn badness]: 1000000 on 44.83698pt
[rightcolumn badness]: 1000000 on 44.83698pt
[leftcolumn badness]: 1000000 on 44.83698pt
[rightcolumn badness]: 1000000 on 44.83698pt
[leftcolumn badness]: 1000000 on 44.83698pt
[rightcolumn badness]: 1000000 on 44.83698pt
[leftcolumn badness]: 1000000 on 44.83698pt
[rightcolumn badness]: 1000000 on 44.83698pt
[leftcolumn badness]: 1000000 on 44.83698pt
[rightcolumn badness]: 1000000 on 44.83698pt
[leftcolumn badness]: 1000000 on 44.83698pt
[rightcolumn badness]: 1000000 on 44.83698pt
[leftcolumn badness]: 1000000 on 44.83698pt
[rightcolumn badness]: 1000000 on 44.83698pt
[leftcolumn badness]: 1000000 on 44.83698pt
[rightcolumn badness]: 1000000 on 44.83698pt
[leftcolumn badness]: 1000000 on 44.83698pt
[rightcolumn badness]: 1000000 on 44.83698pt
[leftcolumn badness]: 1000000 on 44.83698pt
[rightcolumn badness]: 1000000 on 44.83698pt
[leftcolumn badness]: 1000000 on 44.83698pt
[rightcolumn badness]: 1000000 on 44.83698pt
[leftcolumn badness]: 1000000 on 44.83698pt
[rightcolumn badness]: 1000000 on 44.83698pt
[leftcolumn badness]: 1000000 on 44.83698pt
[rightcolumn badness]: 1000000 on 44.83698pt
[leftcolumn badness]: 1000000 on 44.83698pt
[rightcolumn badness]: 1000000 on 44.83698pt
[leftcolumn badness]: 1000000 on 44.83698pt
[rightcolumn badness]: 1000000 on 44.83698pt
[leftcolumn badness]: 1000000 on 44.83698pt
[rightcolumn badness]: 1000000 on 44.83698pt
[leftcolumn badness]: 1000000 on 44.83698pt
[rightcolumn badness]: 1000000 on 44.83698pt
[leftcolumn badness]: 1000000 on 44.83698pt
[rightcolumn badness]: 1000000 on 44.83698pt
[leftcolumn badness]: 1000000 on 44.83698pt
[rightcolumn badness]: 1000000 on 44.83698pt
[leftcolumn badness]: 1000000 on 44.83698pt
[rightcolumn badness]: 1000000 on 44.83698pt
[leftcolumn badness]: 1000000 on 44.83698pt
[rightcolumn badness]: 1000000 on 44.83698pt
[leftcolumn badness]: 1000000 on 44.83698pt
[rightcolumn badness]: 1000000 on 44.83698pt
[leftcolumn badness]: 1000000 on 44.83698pt
[rightcolumn badness]: 1000000 on 44.83698pt
[leftcolumn badness]: 1000000 on 44.83698pt
[rightcolumn badness]: 1000000 on 44.83698pt
[leftcolumn badness]: 1000000 on 44.83698pt
[rightcolumn badness]: 1000000 on 44.83698pt
[leftcolumn badness]: 1000000 on 44.83698pt
[rightcolumn badness]: 1000000 on 44.83698pt
[leftcolumn badness]: 1000000 on 44.83698pt
[rightcolumn badness]: 1000000 on 44.83698pt
[leftcolumn badness]: 1000000 on 44.83698pt
[rightcolumn badness]: 1000000 on 44.83698pt
[leftcolumn badness]: 1000000 on 44.83698pt
[rightcolumn badness]: 1000000 on 44.83698pt
[leftcolumn badness]: 1000000 on 44.83698pt
[rightcolumn badness]: 1000000 on 44.83698pt
[leftcolumn badness]: 1000000 on 44.83698pt
[rightcolumn badness]: 1000000 on 44.83698pt
[leftcolumn badness]: 1000000 on 44.83698pt
[rightcolumn badness]: 1000000 on 44.83698pt
- LAST -
Extra skip:240.70277pt
Left:250.70277pt/0.0pt
Right:10.0pt/0.0pt
Split: 248.02637pt
Output:248.02637pt
Pageshrink: 0.0pt
Pagestretch: 0.0pt
@colht:666.0pt
FLUSHEND [output]: 248.02637pt
FLUSHEND [leftcolumn badness]: 70
FUSHEND [rightcolumn badness]: 10000
 [12] (example.aux)
Package rerunfilecheck Info: File `example.out' has not changed.
(rerunfilecheck)             Checksum: F2D4033861FC4B6D9A195880330B9862;5444.
 ) 
Here is how much of TeX's memory you used:
 12268 strings out of 475385
 187416 string characters out of 2786722
 556329 words of memory out of 3000000
 33338 multiletter control sequences out of 15000+600000
 516649 words of font info for 79 fonts, out of 8000000 for 9000
 1141 hyphenation exceptions out of 8191
 87i,14n,91p,1396b,452s stack positions out of 10000i,1000n,20000p,200000b,80000s
{C:/Program Files/MiKTeX/fonts/enc/dvips/base/8r.enc}<C:/Program Files/MiKTeX/fonts/type1/public/amsfonts/cm/cmb10.pfb><C:/Program Files/MiKTeX/fonts/type1/public/amsfonts/cmextra/cmex9.pfb><C:/Program Files/MiKTeX/fonts/type1/public/amsfonts/cm/cmmi6.pfb><C:/Program Files/MiKTeX/fonts/type1/public/amsfonts/cm/cmmi9.pfb><C:/Program Files/MiKTeX/fonts/type1/public/amsfonts/cm/cmr5.pfb><C:/Program Files/MiKTeX/fonts/type1/public/amsfonts/cm/cmr6.pfb><C:/Program Files/MiKTeX/fonts/type1/public/amsfonts/cm/cmr9.pfb><C:/Program Files/MiKTeX/fonts/type1/public/amsfonts/cm/cmsy6.pfb><C:/Program Files/MiKTeX/fonts/type1/public/amsfonts/cm/cmsy9.pfb><C:/Program Files/MiKTeX/fonts/type1/public/amsfonts/cm/cmti9.pfb><C:/Program Files/MiKTeX/fonts/type1/public/amsfonts/symbols/msam10.pfb><C:/Program Files/MiKTeX/fonts/type1/public/amsfonts/symbols/msbm10.pfb><C:/Program Files/MiKTeX/fonts/type1/urw/helvetic/uhvb8a.pfb><C:/Program Files/MiKTeX/fonts/type1/urw/helvetic/uhvr8a.pfb><C:/Program Files/MiKTeX/fonts/type1/urw/times/utmb8a.pfb><C:/Program Files/MiKTeX/fonts/type1/urw/times/utmri8a.pfb>
Output written on example.pdf (12 pages, 837533 bytes).
PDF statistics:
 470 PDF objects out of 1000 (max. 8388607)
 104 named destinations out of 1000 (max. 500000)
 334 words of extra memory for PDF output out of 10000 (max. 10000000)

